<?xml version="1.0" encoding="UTF-8"?>
<!-- Generated by org.testng.reporters.JUnitReportReporter -->
<testsuite skipped="0" hostname="DESKTOP-2SLPI4C" name="testCases.ValidateNavigationBar" tests="1" failures="0" timestamp="29 Jan 2022 12:27:14 GMT" time="0.080" errors="0">
  <testcase name="pageNavigationBar" time="0.080" classname="testCases.ValidateNavigationBar"/>
</testsuite> <!-- testCases.ValidateNavigationBar -->
