<?xml version="1.0" encoding="UTF-8"?>
<!-- Generated by org.testng.reporters.JUnitReportReporter -->
<testsuite skipped="0" hostname="DESKTOP-2SLPI4C" name="basePackage.BaseTest" tests="1" failures="0" timestamp="28 Jan 2022 07:02:33 GMT" time="0.011" errors="0">
  <testcase name="initializeDriver" time="0.011" classname="basePackage.BaseTest"/>
</testsuite> <!-- basePackage.BaseTest -->
