<?xml version="1.0" encoding="UTF-8"?>
<!-- Generated by org.testng.reporters.JUnitReportReporter -->
<testsuite skipped="0" hostname="DESKTOP-2SLPI4C" name="testCases.HomePage" tests="2" failures="0" timestamp="29 Jan 2022 10:35:55 GMT" time="6.611" errors="0">
  <testcase name="basePageNavigation" time="2.373" classname="testCases.HomePage"/>
  <testcase name="basePageNavigation" time="4.238" classname="testCases.HomePage"/>
</testsuite> <!-- testCases.HomePage -->
