<?xml version="1.0" encoding="UTF-8"?>
<!-- Generated by org.testng.reporters.JUnitReportReporter -->
<testsuite skipped="0" hostname="DESKTOP-2SLPI4C" name="testCases.ValidateNavigationBar" tests="1" failures="0" timestamp="2022-01-29T16:07:29 IST" time="0.089" errors="0">
  <testcase name="pageNavigationBar" time="0.089" classname="testCases.ValidateNavigationBar"/>
  <system-out/>
</testsuite> <!-- testCases.ValidateNavigationBar -->
