<?xml version="1.0" encoding="UTF-8"?>
<!-- Generated by org.testng.reporters.JUnitReportReporter -->
<testsuite hostname="DESKTOP-2SLPI4C" name="testCases.HomePage" tests="2" failures="0" timestamp="29 Jan 2022 13:07:25 GMT" time="13.244" errors="0">
  <testcase name="basePageNavigation" time="3.388" classname="testCases.HomePage"/>
  <testcase name="basePageNavigation" time="9.856" classname="testCases.HomePage"/>
</testsuite> <!-- testCases.HomePage -->
