<?xml version="1.0" encoding="UTF-8"?>
<!-- Generated by org.testng.reporters.JUnitReportReporter -->
<testsuite skipped="0" hostname="DESKTOP-2SLPI4C" name="testCases.HomePage" tests="2" failures="0" timestamp="2022-01-29T16:07:29 IST" time="5.123" errors="0">
  <testcase name="basePageNavigation" time="2.931" classname="testCases.HomePage"/>
  <system-out/>
  <testcase name="basePageNavigation" time="2.192" classname="testCases.HomePage"/>
  <system-out/>
</testsuite> <!-- testCases.HomePage -->
