<?xml version="1.0" encoding="UTF-8"?>
<!-- Generated by org.testng.reporters.JUnitReportReporter -->
<testsuite skipped="0" hostname="DESKTOP-2SLPI4C" name="testCases.ValidateTitle" tests="1" failures="0" timestamp="2022-01-29T16:07:29 IST" time="0.056" errors="0">
  <testcase name="titlePageNavigation" time="0.056" classname="testCases.ValidateTitle"/>
  <system-out/>
</testsuite> <!-- testCases.ValidateTitle -->
