<?xml version="1.0" encoding="UTF-8"?>
<!-- Generated by org.testng.reporters.JUnitReportReporter -->
<testsuite hostname="DESKTOP-2SLPI4C" name="testCases.ValidateTitle" tests="1" failures="0" timestamp="29 Jan 2022 13:07:25 GMT" time="0.113" errors="0">
  <testcase name="titlePageNavigation" time="0.113" classname="testCases.ValidateTitle"/>
</testsuite> <!-- testCases.ValidateTitle -->
